# JRE version: Java(TM) SE Runtime Environment (8.0_65-b17) (build 1.8.0_65-b17)
# Java VM: Java HotSpot(TM) Client VM (25.65-b01 mixed mode linux-arm )
Heap:
 def new generation   total 4864K, used 4004K [0x65600000, 0x65b40000, 0x6a340000)
  eden space 4352K,  83% used [0x65600000, 0x6598c0d8, 0x65a40000)
  from space 512K,  72% used [0x65a40000, 0x65a9d2d8, 0x65ac0000)
  to   space 512K,   0% used [0x65ac0000, 0x65ac0000, 0x65b40000)
 tenured generation   total 11008K, used 10647K [0x6a340000, 0x6ae00000, 0x73e00000)
   the space 11008K,  96% used [0x6a340000, 0x6ada5ed8, 0x6ada6000, 0x6ae00000)
 Metaspace       used 9563K, capacity 9773K, committed 9880K, reserved 10544K
GC Heap History (10 events):
Event: 76.497 GC heap before
{Heap before GC invocations=17 (full 0):
 def new generation   total 4864K, used 4864K [0x65600000, 0x65b40000, 0x6a340000)
  eden space 4352K, 100% used [0x65600000, 0x65a40000, 0x65a40000)
  from space 512K, 100% used [0x65ac0000, 0x65b40000, 0x65b40000)
  to   space 512K,   0% used [0x65a40000, 0x65a40000, 0x65ac0000)
 tenured generation   total 11008K, used 10244K [0x6a340000, 0x6ae00000, 0x73e00000)
   the space 11008K,  93% used [0x6a340000, 0x6ad412b8, 0x6ad41400, 0x6ae00000)
 Metaspace       used 9544K, capacity 9738K, committed 9752K, reserved 10544K
Event: 76.505 GC heap after
Heap after GC invocations=18 (full 0):
 def new generation   total 4864K, used 512K [0x65600000, 0x65b40000, 0x6a340000)
  eden space 4352K,   0% used [0x65600000, 0x65600000, 0x65a40000)
  from space 512K, 100% used [0x65a40000, 0x65ac0000, 0x65ac0000)
  to   space 512K,   0% used [0x65ac0000, 0x65ac0000, 0x65b40000)
 tenured generation   total 11008K, used 10331K [0x6a340000, 0x6ae00000, 0x73e00000)
   the space 11008K,  93% used [0x6a340000, 0x6ad56c30, 0x6ad56e00, 0x6ae00000)
 Metaspace       used 9544K, capacity 9738K, committed 9752K, reserved 10544K
}
Event: 87.677 GC heap before
{Heap before GC invocations=18 (full 0):
 def new generation   total 4864K, used 4864K [0x65600000, 0x65b40000, 0x6a340000)
  eden space 4352K, 100% used [0x65600000, 0x65a40000, 0x65a40000)
  from space 512K, 100% used [0x65a40000, 0x65ac0000, 0x65ac0000)
  to   space 512K,   0% used [0x65ac0000, 0x65ac0000, 0x65b40000)
 tenured generation   total 11008K, used 10331K [0x6a340000, 0x6ae00000, 0x73e00000)
   the space 11008K,  93% used [0x6a340000, 0x6ad56c30, 0x6ad56e00, 0x6ae00000)
 Metaspace       used 9546K, capacity 9741K, committed 9752K, reserved 10544K
Event: 87.685 GC heap after
Heap after GC invocations=19 (full 0):
 def new generation   total 4864K, used 392K [0x65600000, 0x65b40000, 0x6a340000)
  eden space 4352K,   0% used [0x65600000, 0x65600000, 0x65a40000)
  from space 512K,  76% used [0x65ac0000, 0x65b22140, 0x65b40000)
  to   space 512K,   0% used [0x65a40000, 0x65a40000, 0x65ac0000)
 tenured generation   total 11008K, used 10406K [0x6a340000, 0x6ae00000, 0x73e00000)
   the space 11008K,  94% used [0x6a340000, 0x6ad69a78, 0x6ad69c00, 0x6ae00000)
 Metaspace       used 9546K, capacity 9741K, committed 9752K, reserved 10544K
}
Event: 97.488 GC heap before
{Heap before GC invocations=19 (full 0):
 def new generation   total 4864K, used 4744K [0x65600000, 0x65b40000, 0x6a340000)
  eden space 4352K, 100% used [0x65600000, 0x65a40000, 0x65a40000)
  from space 512K,  76% used [0x65ac0000, 0x65b22140, 0x65b40000)
  to   space 512K,   0% used [0x65a40000, 0x65a40000, 0x65ac0000)
 tenured generation   total 11008K, used 10406K [0x6a340000, 0x6ae00000, 0x73e00000)
   the space 11008K,  94% used [0x6a340000, 0x6ad69a78, 0x6ad69c00, 0x6ae00000)
 Metaspace       used 9546K, capacity 9741K, committed 9752K, reserved 10544K
Event: 97.509 GC heap after
Heap after GC invocations=20 (full 0):
 def new generation   total 4864K, used 386K [0x65600000, 0x65b40000, 0x6a340000)
  eden space 4352K,   0% used [0x65600000, 0x65600000, 0x65a40000)
  from space 512K,  75% used [0x65a40000, 0x65aa0b68, 0x65ac0000)
  to   space 512K,   0% used [0x65ac0000, 0x65ac0000, 0x65b40000)
 tenured generation   total 11008K, used 10559K [0x6a340000, 0x6ae00000, 0x73e00000)
   the space 11008K,  95% used [0x6a340000, 0x6ad8fd88, 0x6ad8fe00, 0x6ae00000)
 Metaspace       used 9546K, capacity 9741K, committed 9752K, reserved 10544K
}
Event: 100.758 GC heap before
{Heap before GC invocations=20 (full 0):
 def new generation   total 4864K, used 4738K [0x65600000, 0x65b40000, 0x6a340000)
  eden space 4352K, 100% used [0x65600000, 0x65a40000, 0x65a40000)
  from space 512K,  75% used [0x65a40000, 0x65aa0b68, 0x65ac0000)
  to   space 512K,   0% used [0x65ac0000, 0x65ac0000, 0x65b40000)
 tenured generation   total 11008K, used 10559K [0x6a340000, 0x6ae00000, 0x73e00000)
   the space 11008K,  95% used [0x6a340000, 0x6ad8fd88, 0x6ad8fe00, 0x6ae00000)
 Metaspace       used 9546K, capacity 9741K, committed 9752K, reserved 10544K
Event: 100.772 GC heap after
Heap after GC invocations=21 (full 0):
 def new generation   total 4864K, used 511K [0x65600000, 0x65b40000, 0x6a340000)
  eden space 4352K,   0% used [0x65600000, 0x65600000, 0x65a40000)
  from space 512K,  99% used [0x65ac0000, 0x65b3fff8, 0x65b40000)
  to   space 512K,   0% used [0x65a40000, 0x65a40000, 0x65ac0000)
 tenured generation   total 11008K, used 10639K [0x6a340000, 0x6ae00000, 0x73e00000)
   the space 11008K,  96% used [0x6a340000, 0x6ada3fa8, 0x6ada4000, 0x6ae00000)
 Metaspace       used 9546K, capacity 9741K, committed 9752K, reserved 10544K
}
Event: 111.479 GC heap before
{Heap before GC invocations=21 (full 0):
 def new generation   total 4864K, used 4863K [0x65600000, 0x65b40000, 0x6a340000)
  eden space 4352K, 100% used [0x65600000, 0x65a40000, 0x65a40000)
  from space 512K,  99% used [0x65ac0000, 0x65b3fff8, 0x65b40000)
  to   space 512K,   0% used [0x65a40000, 0x65a40000, 0x65ac0000)
 tenured generation   total 11008K, used 10639K [0x6a340000, 0x6ae00000, 0x73e00000)
   the space 11008K,  96% used [0x6a340000, 0x6ada3fa8, 0x6ada4000, 0x6ae00000)
 Metaspace       used 9546K, capacity 9741K, committed 9752K, reserved 10544K
Event: 111.502 GC heap after
Heap after GC invocations=22 (full 0):
 def new generation   total 4864K, used 372K [0x65600000, 0x65b40000, 0x6a340000)
  eden space 4352K,   0% used [0x65600000, 0x65600000, 0x65a40000)
  from space 512K,  72% used [0x65a40000, 0x65a9d2d8, 0x65ac0000)
  to   space 512K,   0% used [0x65ac0000, 0x65ac0000, 0x65b40000)
 tenured generation   total 11008K, used 10647K [0x6a340000, 0x6ae00000, 0x73e00000)
   the space 11008K,  96% used [0x6a340000, 0x6ada5ed8, 0x6ada6000, 0x6ae00000)
 Metaspace       used 9546K, capacity 9741K, committed 9752K, reserved 10544K
}

