# JRE version: Java(TM) SE Runtime Environment (8.0_65-b17) (build 1.8.0_65-b17)
# Java VM: Java HotSpot(TM) Client VM (25.65-b01 mixed mode linux-arm )
Heap:
 def new generation   total 5760K, used 5393K [0x65800000, 0x65e20000, 0x6a540000)
  eden space 5248K,  93% used [0x65800000, 0x65cce170, 0x65d20000)
  from space 512K,  92% used [0x65d20000, 0x65d96450, 0x65da0000)
  to   space 512K,   0% used [0x65da0000, 0x65da0000, 0x65e20000)
 tenured generation   total 12404K, used 9997K [0x6a540000, 0x6b15d000, 0x74000000)
   the space 12404K,  80% used [0x6a540000, 0x6af03708, 0x6af03800, 0x6b15d000)
 Metaspace       used 9525K, capacity 9708K, committed 9752K, reserved 10544K
GC Heap History (10 events):
Event: 411.609 GC heap before
{Heap before GC invocations=62 (full 1):
 def new generation   total 5760K, used 5556K [0x65800000, 0x65e20000, 0x6a540000)
  eden space 5248K, 100% used [0x65800000, 0x65d20000, 0x65d20000)
  from space 512K,  60% used [0x65da0000, 0x65ded2a0, 0x65e20000)
  to   space 512K,   0% used [0x65d20000, 0x65d20000, 0x65da0000)
 tenured generation   total 12404K, used 9652K [0x6a540000, 0x6b15d000, 0x74000000)
   the space 12404K,  77% used [0x6a540000, 0x6aead140, 0x6aead200, 0x6b15d000)
 Metaspace       used 9517K, capacity 9708K, committed 9752K, reserved 10544K
Event: 411.614 GC heap after
Heap after GC invocations=63 (full 1):
 def new generation   total 5760K, used 511K [0x65800000, 0x65e20000, 0x6a540000)
  eden space 5248K,   0% used [0x65800000, 0x65800000, 0x65d20000)
  from space 512K,  99% used [0x65d20000, 0x65d9fff8, 0x65da0000)
  to   space 512K,   0% used [0x65da0000, 0x65da0000, 0x65e20000)
 tenured generation   total 12404K, used 9826K [0x6a540000, 0x6b15d000, 0x74000000)
   the space 12404K,  79% used [0x6a540000, 0x6aed89e0, 0x6aed8a00, 0x6b15d000)
 Metaspace       used 9517K, capacity 9708K, committed 9752K, reserved 10544K
}
Event: 419.191 GC heap before
{Heap before GC invocations=63 (full 1):
 def new generation   total 5760K, used 5759K [0x65800000, 0x65e20000, 0x6a540000)
  eden space 5248K, 100% used [0x65800000, 0x65d20000, 0x65d20000)
  from space 512K,  99% used [0x65d20000, 0x65d9fff8, 0x65da0000)
  to   space 512K,   0% used [0x65da0000, 0x65da0000, 0x65e20000)
 tenured generation   total 12404K, used 9826K [0x6a540000, 0x6b15d000, 0x74000000)
   the space 12404K,  79% used [0x6a540000, 0x6aed89e0, 0x6aed8a00, 0x6b15d000)
 Metaspace       used 9517K, capacity 9708K, committed 9752K, reserved 10544K
Event: 419.196 GC heap after
Heap after GC invocations=64 (full 1):
 def new generation   total 5760K, used 449K [0x65800000, 0x65e20000, 0x6a540000)
  eden space 5248K,   0% used [0x65800000, 0x65800000, 0x65d20000)
  from space 512K,  87% used [0x65da0000, 0x65e10770, 0x65e20000)
  to   space 512K,   0% used [0x65d20000, 0x65d20000, 0x65da0000)
 tenured generation   total 12404K, used 9839K [0x6a540000, 0x6b15d000, 0x74000000)
   the space 12404K,  79% used [0x6a540000, 0x6aedbd88, 0x6aedbe00, 0x6b15d000)
 Metaspace       used 9517K, capacity 9708K, committed 9752K, reserved 10544K
}
Event: 430.147 GC heap before
{Heap before GC invocations=64 (full 1):
 def new generation   total 5760K, used 5697K [0x65800000, 0x65e20000, 0x6a540000)
  eden space 5248K, 100% used [0x65800000, 0x65d20000, 0x65d20000)
  from space 512K,  87% used [0x65da0000, 0x65e10770, 0x65e20000)
  to   space 512K,   0% used [0x65d20000, 0x65d20000, 0x65da0000)
 tenured generation   total 12404K, used 9839K [0x6a540000, 0x6b15d000, 0x74000000)
   the space 12404K,  79% used [0x6a540000, 0x6aedbd88, 0x6aedbe00, 0x6b15d000)
 Metaspace       used 9517K, capacity 9708K, committed 9752K, reserved 10544K
Event: 430.152 GC heap after
Heap after GC invocations=65 (full 1):
 def new generation   total 5760K, used 294K [0x65800000, 0x65e20000, 0x6a540000)
  eden space 5248K,   0% used [0x65800000, 0x65800000, 0x65d20000)
  from space 512K,  57% used [0x65d20000, 0x65d69bb8, 0x65da0000)
  to   space 512K,   0% used [0x65da0000, 0x65da0000, 0x65e20000)
 tenured generation   total 12404K, used 9900K [0x6a540000, 0x6b15d000, 0x74000000)
   the space 12404K,  79% used [0x6a540000, 0x6aeeb040, 0x6aeeb200, 0x6b15d000)
 Metaspace       used 9517K, capacity 9708K, committed 9752K, reserved 10544K
}
Event: 435.241 GC heap before
{Heap before GC invocations=65 (full 1):
 def new generation   total 5760K, used 5542K [0x65800000, 0x65e20000, 0x6a540000)
  eden space 5248K, 100% used [0x65800000, 0x65d20000, 0x65d20000)
  from space 512K,  57% used [0x65d20000, 0x65d69bb8, 0x65da0000)
  to   space 512K,   0% used [0x65da0000, 0x65da0000, 0x65e20000)
 tenured generation   total 12404K, used 9900K [0x6a540000, 0x6b15d000, 0x74000000)
   the space 12404K,  79% used [0x6a540000, 0x6aeeb040, 0x6aeeb200, 0x6b15d000)
 Metaspace       used 9517K, capacity 9708K, committed 9752K, reserved 10544K
Event: 435.254 GC heap after
Heap after GC invocations=66 (full 1):
 def new generation   total 5760K, used 512K [0x65800000, 0x65e20000, 0x6a540000)
  eden space 5248K,   0% used [0x65800000, 0x65800000, 0x65d20000)
  from space 512K, 100% used [0x65da0000, 0x65e20000, 0x65e20000)
  to   space 512K,   0% used [0x65d20000, 0x65d20000, 0x65da0000)
 tenured generation   total 12404K, used 9987K [0x6a540000, 0x6b15d000, 0x74000000)
   the space 12404K,  80% used [0x6a540000, 0x6af00ee8, 0x6af01000, 0x6b15d000)
 Metaspace       used 9517K, capacity 9708K, committed 9752K, reserved 10544K
}
Event: 442.399 GC heap before
{Heap before GC invocations=66 (full 1):
 def new generation   total 5760K, used 5760K [0x65800000, 0x65e20000, 0x6a540000)
  eden space 5248K, 100% used [0x65800000, 0x65d20000, 0x65d20000)
  from space 512K, 100% used [0x65da0000, 0x65e20000, 0x65e20000)
  to   space 512K,   0% used [0x65d20000, 0x65d20000, 0x65da0000)
 tenured generation   total 12404K, used 9987K [0x6a540000, 0x6b15d000, 0x74000000)
   the space 12404K,  80% used [0x6a540000, 0x6af00ee8, 0x6af01000, 0x6b15d000)
 Metaspace       used 9517K, capacity 9708K, committed 9752K, reserved 10544K
Event: 442.406 GC heap after
Heap after GC invocations=67 (full 1):
 def new generation   total 5760K, used 473K [0x65800000, 0x65e20000, 0x6a540000)
  eden space 5248K,   0% used [0x65800000, 0x65800000, 0x65d20000)
  from space 512K,  92% used [0x65d20000, 0x65d96450, 0x65da0000)
  to   space 512K,   0% used [0x65da0000, 0x65da0000, 0x65e20000)
 tenured generation   total 12404K, used 9997K [0x6a540000, 0x6b15d000, 0x74000000)
   the space 12404K,  80% used [0x6a540000, 0x6af03708, 0x6af03800, 0x6b15d000)
 Metaspace       used 9517K, capacity 9708K, committed 9752K, reserved 10544K
}

