# JRE version: Java(TM) SE Runtime Environment (8.0_65-b17) (build 1.8.0_65-b17)
# Java VM: Java HotSpot(TM) Client VM (25.65-b01 mixed mode linux-arm )
Heap:
 def new generation   total 5504K, used 2879K [0x65600000, 0x65be0000, 0x6a340000)
  eden space 4992K,  47% used [0x65600000, 0x6584fcc0, 0x65ae0000)
  from space 512K, 100% used [0x65b60000, 0x65be0000, 0x65be0000)
  to   space 512K,   0% used [0x65ae0000, 0x65ae0000, 0x65b60000)
 tenured generation   total 11940K, used 7389K [0x6a340000, 0x6aee9000, 0x73e00000)
   the space 11940K,  61% used [0x6a340000, 0x6aa77678, 0x6aa77800, 0x6aee9000)
 Metaspace       used 9531K, capacity 9708K, committed 9752K, reserved 10544K
GC Heap History (10 events):
Event: 135.019 GC heap before
{Heap before GC invocations=24 (full 0):
 def new generation   total 4864K, used 4864K [0x65600000, 0x65b40000, 0x6a340000)
  eden space 4352K, 100% used [0x65600000, 0x65a40000, 0x65a40000)
  from space 512K, 100% used [0x65a40000, 0x65ac0000, 0x65ac0000)
  to   space 512K,   0% used [0x65ac0000, 0x65ac0000, 0x65b40000)
 tenured generation   total 11008K, used 10960K [0x6a340000, 0x6ae00000, 0x73e00000)
   the space 11008K,  99% used [0x6a340000, 0x6adf4180, 0x6adf4200, 0x6ae00000)
 Metaspace       used 9544K, capacity 9741K, committed 9752K, reserved 10544K
Event: 135.025 GC heap after
Heap after GC invocations=25 (full 0):
 def new generation   total 4864K, used 362K [0x65600000, 0x65b40000, 0x6a340000)
  eden space 4352K,   0% used [0x65600000, 0x65600000, 0x65a40000)
  from space 512K,  70% used [0x65ac0000, 0x65b1ab90, 0x65b40000)
  to   space 512K,   0% used [0x65a40000, 0x65a40000, 0x65ac0000)
 tenured generation   total 11008K, used 10968K [0x6a340000, 0x6ae00000, 0x73e00000)
   the space 11008K,  99% used [0x6a340000, 0x6adf6218, 0x6adf6400, 0x6ae00000)
 Metaspace       used 9544K, capacity 9741K, committed 9752K, reserved 10544K
}
Event: 145.775 GC heap before
{Heap before GC invocations=25 (full 0):
 def new generation   total 4864K, used 4714K [0x65600000, 0x65b40000, 0x6a340000)
  eden space 4352K, 100% used [0x65600000, 0x65a40000, 0x65a40000)
  from space 512K,  70% used [0x65ac0000, 0x65b1ab90, 0x65b40000)
  to   space 512K,   0% used [0x65a40000, 0x65a40000, 0x65ac0000)
 tenured generation   total 11008K, used 10968K [0x6a340000, 0x6ae00000, 0x73e00000)
   the space 11008K,  99% used [0x6a340000, 0x6adf6218, 0x6adf6400, 0x6ae00000)
 Metaspace       used 9544K, capacity 9741K, committed 9752K, reserved 10544K
Event: 145.941 GC heap after
Heap after GC invocations=26 (full 1):
 def new generation   total 5504K, used 0K [0x65600000, 0x65be0000, 0x6a340000)
  eden space 4992K,   0% used [0x65600000, 0x65600000, 0x65ae0000)
  from space 512K,   0% used [0x65ae0000, 0x65ae0000, 0x65b60000)
  to   space 512K,   0% used [0x65b60000, 0x65b60000, 0x65be0000)
 tenured generation   total 11940K, used 7163K [0x6a340000, 0x6aee9000, 0x73e00000)
   the space 11940K,  59% used [0x6a340000, 0x6aa3efd0, 0x6aa3f000, 0x6aee9000)
 Metaspace       used 9523K, capacity 9708K, committed 9752K, reserved 10544K
}
Event: 154.432 GC heap before
{Heap before GC invocations=26 (full 1):
 def new generation   total 5504K, used 4992K [0x65600000, 0x65be0000, 0x6a340000)
  eden space 4992K, 100% used [0x65600000, 0x65ae0000, 0x65ae0000)
  from space 512K,   0% used [0x65ae0000, 0x65ae0000, 0x65b60000)
  to   space 512K,   0% used [0x65b60000, 0x65b60000, 0x65be0000)
 tenured generation   total 11940K, used 7163K [0x6a340000, 0x6aee9000, 0x73e00000)
   the space 11940K,  59% used [0x6a340000, 0x6aa3efd0, 0x6aa3f000, 0x6aee9000)
 Metaspace       used 9523K, capacity 9708K, committed 9752K, reserved 10544K
Event: 154.440 GC heap after
Heap after GC invocations=27 (full 1):
 def new generation   total 5504K, used 503K [0x65600000, 0x65be0000, 0x6a340000)
  eden space 4992K,   0% used [0x65600000, 0x65600000, 0x65ae0000)
  from space 512K,  98% used [0x65b60000, 0x65bddf30, 0x65be0000)
  to   space 512K,   0% used [0x65ae0000, 0x65ae0000, 0x65b60000)
 tenured generation   total 11940K, used 7163K [0x6a340000, 0x6aee9000, 0x73e00000)
   the space 11940K,  59% used [0x6a340000, 0x6aa3efd0, 0x6aa3f000, 0x6aee9000)
 Metaspace       used 9523K, capacity 9708K, committed 9752K, reserved 10544K
}
Event: 162.682 GC heap before
{Heap before GC invocations=27 (full 1):
 def new generation   total 5504K, used 5495K [0x65600000, 0x65be0000, 0x6a340000)
  eden space 4992K, 100% used [0x65600000, 0x65ae0000, 0x65ae0000)
  from space 512K,  98% used [0x65b60000, 0x65bddf30, 0x65be0000)
  to   space 512K,   0% used [0x65ae0000, 0x65ae0000, 0x65b60000)
 tenured generation   total 11940K, used 7163K [0x6a340000, 0x6aee9000, 0x73e00000)
   the space 11940K,  59% used [0x6a340000, 0x6aa3efd0, 0x6aa3f000, 0x6aee9000)
 Metaspace       used 9523K, capacity 9708K, committed 9752K, reserved 10544K
Event: 162.690 GC heap after
Heap after GC invocations=28 (full 1):
 def new generation   total 5504K, used 511K [0x65600000, 0x65be0000, 0x6a340000)
  eden space 4992K,   0% used [0x65600000, 0x65600000, 0x65ae0000)
  from space 512K,  99% used [0x65ae0000, 0x65b5fff8, 0x65b60000)
  to   space 512K,   0% used [0x65b60000, 0x65b60000, 0x65be0000)
 tenured generation   total 11940K, used 7364K [0x6a340000, 0x6aee9000, 0x73e00000)
   the space 11940K,  61% used [0x6a340000, 0x6aa71390, 0x6aa71400, 0x6aee9000)
 Metaspace       used 9523K, capacity 9708K, committed 9752K, reserved 10544K
}
Event: 169.937 GC heap before
{Heap before GC invocations=28 (full 1):
 def new generation   total 5504K, used 5492K [0x65600000, 0x65be0000, 0x6a340000)
  eden space 4992K,  99% used [0x65600000, 0x65add2c0, 0x65ae0000)
  from space 512K,  99% used [0x65ae0000, 0x65b5fff8, 0x65b60000)
  to   space 512K,   0% used [0x65b60000, 0x65b60000, 0x65be0000)
 tenured generation   total 11940K, used 7364K [0x6a340000, 0x6aee9000, 0x73e00000)
   the space 11940K,  61% used [0x6a340000, 0x6aa71390, 0x6aa71400, 0x6aee9000)
 Metaspace       used 9523K, capacity 9708K, committed 9752K, reserved 10544K
Event: 169.944 GC heap after
Heap after GC invocations=29 (full 1):
 def new generation   total 5504K, used 512K [0x65600000, 0x65be0000, 0x6a340000)
  eden space 4992K,   0% used [0x65600000, 0x65600000, 0x65ae0000)
  from space 512K, 100% used [0x65b60000, 0x65be0000, 0x65be0000)
  to   space 512K,   0% used [0x65ae0000, 0x65ae0000, 0x65b60000)
 tenured generation   total 11940K, used 7389K [0x6a340000, 0x6aee9000, 0x73e00000)
   the space 11940K,  61% used [0x6a340000, 0x6aa77678, 0x6aa77800, 0x6aee9000)
 Metaspace       used 9523K, capacity 9708K, committed 9752K, reserved 10544K
}

