# JRE version: Java(TM) SE Runtime Environment (8.0_65-b17) (build 1.8.0_65-b17)
# Java VM: Java HotSpot(TM) Client VM (25.65-b01 mixed mode linux-arm )
Heap:
 def new generation   total 6784K, used 6470K [0x65800000, 0x65f40000, 0x6a540000)
  eden space 6144K, 100% used [0x65800000, 0x65e00000, 0x65e00000)
  from space 640K,  50% used [0x65e00000, 0x65e51858, 0x65ea0000)
  to   space 640K,   0% used [0x65ea0000, 0x65ea0000, 0x65f40000)
 tenured generation   total 14768K, used 12919K [0x6a540000, 0x6b3ac000, 0x74000000)
   the space 14768K,  87% used [0x6a540000, 0x6b1ddcf0, 0x6b1dde00, 0x6b3ac000)
 Metaspace       used 9531K, capacity 9708K, committed 9752K, reserved 10544K
GC Heap History (10 events):
Event: 648.899 GC heap before
{Heap before GC invocations=75 (full 1):
 def new generation   total 6784K, used 6460K [0x65800000, 0x65f40000, 0x6a540000)
  eden space 6144K, 100% used [0x65800000, 0x65e00000, 0x65e00000)
  from space 640K,  49% used [0x65ea0000, 0x65eef1c8, 0x65f40000)
  to   space 640K,   0% used [0x65e00000, 0x65e00000, 0x65ea0000)
 tenured generation   total 14768K, used 12620K [0x6a540000, 0x6b3ac000, 0x74000000)
   the space 14768K,  85% used [0x6a540000, 0x6b1931d0, 0x6b193200, 0x6b3ac000)
 Metaspace       used 9517K, capacity 9708K, committed 9752K, reserved 10544K
Event: 648.907 GC heap after
Heap after GC invocations=76 (full 1):
 def new generation   total 6784K, used 592K [0x65800000, 0x65f40000, 0x6a540000)
  eden space 6144K,   0% used [0x65800000, 0x65800000, 0x65e00000)
  from space 640K,  92% used [0x65e00000, 0x65e94348, 0x65ea0000)
  to   space 640K,   0% used [0x65ea0000, 0x65ea0000, 0x65f40000)
 tenured generation   total 14768K, used 12620K [0x6a540000, 0x6b3ac000, 0x74000000)
   the space 14768K,  85% used [0x6a540000, 0x6b1931d0, 0x6b193200, 0x6b3ac000)
 Metaspace       used 9517K, capacity 9708K, committed 9752K, reserved 10544K
}
Event: 655.730 GC heap before
{Heap before GC invocations=76 (full 1):
 def new generation   total 6784K, used 6736K [0x65800000, 0x65f40000, 0x6a540000)
  eden space 6144K, 100% used [0x65800000, 0x65e00000, 0x65e00000)
  from space 640K,  92% used [0x65e00000, 0x65e94348, 0x65ea0000)
  to   space 640K,   0% used [0x65ea0000, 0x65ea0000, 0x65f40000)
 tenured generation   total 14768K, used 12620K [0x6a540000, 0x6b3ac000, 0x74000000)
   the space 14768K,  85% used [0x6a540000, 0x6b1931d0, 0x6b193200, 0x6b3ac000)
 Metaspace       used 9517K, capacity 9708K, committed 9752K, reserved 10544K
Event: 655.737 GC heap after
Heap after GC invocations=77 (full 1):
 def new generation   total 6784K, used 513K [0x65800000, 0x65f40000, 0x6a540000)
  eden space 6144K,   0% used [0x65800000, 0x65800000, 0x65e00000)
  from space 640K,  80% used [0x65ea0000, 0x65f20590, 0x65f40000)
  to   space 640K,   0% used [0x65e00000, 0x65e00000, 0x65ea0000)
 tenured generation   total 14768K, used 12747K [0x6a540000, 0x6b3ac000, 0x74000000)
   the space 14768K,  86% used [0x6a540000, 0x6b1b2eb8, 0x6b1b3000, 0x6b3ac000)
 Metaspace       used 9517K, capacity 9708K, committed 9752K, reserved 10544K
}
Event: 662.739 GC heap before
{Heap before GC invocations=77 (full 1):
 def new generation   total 6784K, used 6657K [0x65800000, 0x65f40000, 0x6a540000)
  eden space 6144K, 100% used [0x65800000, 0x65e00000, 0x65e00000)
  from space 640K,  80% used [0x65ea0000, 0x65f20590, 0x65f40000)
  to   space 640K,   0% used [0x65e00000, 0x65e00000, 0x65ea0000)
 tenured generation   total 14768K, used 12747K [0x6a540000, 0x6b3ac000, 0x74000000)
   the space 14768K,  86% used [0x6a540000, 0x6b1b2eb8, 0x6b1b3000, 0x6b3ac000)
 Metaspace       used 9517K, capacity 9708K, committed 9752K, reserved 10544K
Event: 662.745 GC heap after
Heap after GC invocations=78 (full 1):
 def new generation   total 6784K, used 631K [0x65800000, 0x65f40000, 0x6a540000)
  eden space 6144K,   0% used [0x65800000, 0x65800000, 0x65e00000)
  from space 640K,  98% used [0x65e00000, 0x65e9de30, 0x65ea0000)
  to   space 640K,   0% used [0x65ea0000, 0x65ea0000, 0x65f40000)
 tenured generation   total 14768K, used 12792K [0x6a540000, 0x6b3ac000, 0x74000000)
   the space 14768K,  86% used [0x6a540000, 0x6b1be100, 0x6b1be200, 0x6b3ac000)
 Metaspace       used 9517K, capacity 9708K, committed 9752K, reserved 10544K
}
Event: 672.539 GC heap before
{Heap before GC invocations=78 (full 1):
 def new generation   total 6784K, used 6775K [0x65800000, 0x65f40000, 0x6a540000)
  eden space 6144K, 100% used [0x65800000, 0x65e00000, 0x65e00000)
  from space 640K,  98% used [0x65e00000, 0x65e9de30, 0x65ea0000)
  to   space 640K,   0% used [0x65ea0000, 0x65ea0000, 0x65f40000)
 tenured generation   total 14768K, used 12792K [0x6a540000, 0x6b3ac000, 0x74000000)
   the space 14768K,  86% used [0x6a540000, 0x6b1be100, 0x6b1be200, 0x6b3ac000)
 Metaspace       used 9517K, capacity 9708K, committed 9752K, reserved 10544K
Event: 672.544 GC heap after
Heap after GC invocations=79 (full 1):
 def new generation   total 6784K, used 505K [0x65800000, 0x65f40000, 0x6a540000)
  eden space 6144K,   0% used [0x65800000, 0x65800000, 0x65e00000)
  from space 640K,  78% used [0x65ea0000, 0x65f1e580, 0x65f40000)
  to   space 640K,   0% used [0x65e00000, 0x65e00000, 0x65ea0000)
 tenured generation   total 14768K, used 12803K [0x6a540000, 0x6b3ac000, 0x74000000)
   the space 14768K,  86% used [0x6a540000, 0x6b1c0fa0, 0x6b1c1000, 0x6b3ac000)
 Metaspace       used 9517K, capacity 9708K, committed 9752K, reserved 10544K
}
Event: 683.208 GC heap before
{Heap before GC invocations=79 (full 1):
 def new generation   total 6784K, used 6644K [0x65800000, 0x65f40000, 0x6a540000)
  eden space 6144K,  99% used [0x65800000, 0x65dfece0, 0x65e00000)
  from space 640K,  78% used [0x65ea0000, 0x65f1e580, 0x65f40000)
  to   space 640K,   0% used [0x65e00000, 0x65e00000, 0x65ea0000)
 tenured generation   total 14768K, used 12803K [0x6a540000, 0x6b3ac000, 0x74000000)
   the space 14768K,  86% used [0x6a540000, 0x6b1c0fa0, 0x6b1c1000, 0x6b3ac000)
 Metaspace       used 9517K, capacity 9708K, committed 9752K, reserved 10544K
Event: 683.214 GC heap after
Heap after GC invocations=80 (full 1):
 def new generation   total 6784K, used 326K [0x65800000, 0x65f40000, 0x6a540000)
  eden space 6144K,   0% used [0x65800000, 0x65800000, 0x65e00000)
  from space 640K,  50% used [0x65e00000, 0x65e51858, 0x65ea0000)
  to   space 640K,   0% used [0x65ea0000, 0x65ea0000, 0x65f40000)
 tenured generation   total 14768K, used 12919K [0x6a540000, 0x6b3ac000, 0x74000000)
   the space 14768K,  87% used [0x6a540000, 0x6b1ddcf0, 0x6b1dde00, 0x6b3ac000)
 Metaspace       used 9517K, capacity 9708K, committed 9752K, reserved 10544K
}

