# JRE version: Java(TM) SE Runtime Environment (8.0_65-b17) (build 1.8.0_65-b17)
# Java VM: Java HotSpot(TM) Client VM (25.65-b01 mixed mode linux-arm )
Heap:
 def new generation   total 5760K, used 4235K [0x65800000, 0x65e40000, 0x6a540000)
  eden space 5120K,  71% used [0x65800000, 0x65b92928, 0x65d00000)
  from space 640K,  90% used [0x65d00000, 0x65d90420, 0x65da0000)
  to   space 640K,   0% used [0x65da0000, 0x65da0000, 0x65e40000)
 tenured generation   total 12724K, used 9297K [0x6a540000, 0x6b1ad000, 0x74000000)
   the space 12724K,  73% used [0x6a540000, 0x6ae54678, 0x6ae54800, 0x6b1ad000)
 Metaspace       used 9533K, capacity 9708K, committed 9880K, reserved 10544K
GC Heap History (10 events):
Event: 588.104 GC heap before
{Heap before GC invocations=79 (full 1):
 def new generation   total 5760K, used 5361K [0x65800000, 0x65e40000, 0x6a540000)
  eden space 5120K, 100% used [0x65800000, 0x65d00000, 0x65d00000)
  from space 640K,  37% used [0x65da0000, 0x65ddc4d8, 0x65e40000)
  to   space 640K,   0% used [0x65d00000, 0x65d00000, 0x65da0000)
 tenured generation   total 12724K, used 9189K [0x6a540000, 0x6b1ad000, 0x74000000)
   the space 12724K,  72% used [0x6a540000, 0x6ae395b0, 0x6ae39600, 0x6b1ad000)
 Metaspace       used 9525K, capacity 9708K, committed 9880K, reserved 10544K
Event: 588.111 GC heap after
Heap after GC invocations=80 (full 1):
 def new generation   total 5760K, used 491K [0x65800000, 0x65e40000, 0x6a540000)
  eden space 5120K,   0% used [0x65800000, 0x65800000, 0x65d00000)
  from space 640K,  76% used [0x65d00000, 0x65d7afb0, 0x65da0000)
  to   space 640K,   0% used [0x65da0000, 0x65da0000, 0x65e40000)
 tenured generation   total 12724K, used 9189K [0x6a540000, 0x6b1ad000, 0x74000000)
   the space 12724K,  72% used [0x6a540000, 0x6ae395b0, 0x6ae39600, 0x6b1ad000)
 Metaspace       used 9525K, capacity 9708K, committed 9880K, reserved 10544K
}
Event: 592.541 GC heap before
{Heap before GC invocations=80 (full 1):
 def new generation   total 5760K, used 5611K [0x65800000, 0x65e40000, 0x6a540000)
  eden space 5120K, 100% used [0x65800000, 0x65d00000, 0x65d00000)
  from space 640K,  76% used [0x65d00000, 0x65d7afb0, 0x65da0000)
  to   space 640K,   0% used [0x65da0000, 0x65da0000, 0x65e40000)
 tenured generation   total 12724K, used 9189K [0x6a540000, 0x6b1ad000, 0x74000000)
   the space 12724K,  72% used [0x6a540000, 0x6ae395b0, 0x6ae39600, 0x6b1ad000)
 Metaspace       used 9525K, capacity 9708K, committed 9880K, reserved 10544K
Event: 592.547 GC heap after
Heap after GC invocations=81 (full 1):
 def new generation   total 5760K, used 593K [0x65800000, 0x65e40000, 0x6a540000)
  eden space 5120K,   0% used [0x65800000, 0x65800000, 0x65d00000)
  from space 640K,  92% used [0x65da0000, 0x65e345e0, 0x65e40000)
  to   space 640K,   0% used [0x65d00000, 0x65d00000, 0x65da0000)
 tenured generation   total 12724K, used 9198K [0x6a540000, 0x6b1ad000, 0x74000000)
   the space 12724K,  72% used [0x6a540000, 0x6ae3b840, 0x6ae3ba00, 0x6b1ad000)
 Metaspace       used 9525K, capacity 9708K, committed 9880K, reserved 10544K
}
Event: 602.348 GC heap before
{Heap before GC invocations=81 (full 1):
 def new generation   total 5760K, used 5713K [0x65800000, 0x65e40000, 0x6a540000)
  eden space 5120K, 100% used [0x65800000, 0x65d00000, 0x65d00000)
  from space 640K,  92% used [0x65da0000, 0x65e345e0, 0x65e40000)
  to   space 640K,   0% used [0x65d00000, 0x65d00000, 0x65da0000)
 tenured generation   total 12724K, used 9198K [0x6a540000, 0x6b1ad000, 0x74000000)
   the space 12724K,  72% used [0x6a540000, 0x6ae3b840, 0x6ae3ba00, 0x6b1ad000)
 Metaspace       used 9525K, capacity 9708K, committed 9880K, reserved 10544K
Event: 602.356 GC heap after
Heap after GC invocations=82 (full 1):
 def new generation   total 5760K, used 268K [0x65800000, 0x65e40000, 0x6a540000)
  eden space 5120K,   0% used [0x65800000, 0x65800000, 0x65d00000)
  from space 640K,  41% used [0x65d00000, 0x65d43028, 0x65da0000)
  to   space 640K,   0% used [0x65da0000, 0x65da0000, 0x65e40000)
 tenured generation   total 12724K, used 9219K [0x6a540000, 0x6b1ad000, 0x74000000)
   the space 12724K,  72% used [0x6a540000, 0x6ae40f18, 0x6ae41000, 0x6b1ad000)
 Metaspace       used 9525K, capacity 9708K, committed 9880K, reserved 10544K
}
Event: 609.008 GC heap before
{Heap before GC invocations=82 (full 1):
 def new generation   total 5760K, used 5388K [0x65800000, 0x65e40000, 0x6a540000)
  eden space 5120K, 100% used [0x65800000, 0x65d00000, 0x65d00000)
  from space 640K,  41% used [0x65d00000, 0x65d43028, 0x65da0000)
  to   space 640K,   0% used [0x65da0000, 0x65da0000, 0x65e40000)
 tenured generation   total 12724K, used 9219K [0x6a540000, 0x6b1ad000, 0x74000000)
   the space 12724K,  72% used [0x6a540000, 0x6ae40f18, 0x6ae41000, 0x6b1ad000)
 Metaspace       used 9525K, capacity 9708K, committed 9880K, reserved 10544K
Event: 609.016 GC heap after
Heap after GC invocations=83 (full 1):
 def new generation   total 5760K, used 598K [0x65800000, 0x65e40000, 0x6a540000)
  eden space 5120K,   0% used [0x65800000, 0x65800000, 0x65d00000)
  from space 640K,  93% used [0x65da0000, 0x65e358f0, 0x65e40000)
  to   space 640K,   0% used [0x65d00000, 0x65d00000, 0x65da0000)
 tenured generation   total 12724K, used 9219K [0x6a540000, 0x6b1ad000, 0x74000000)
   the space 12724K,  72% used [0x6a540000, 0x6ae40f18, 0x6ae41000, 0x6b1ad000)
 Metaspace       used 9525K, capacity 9708K, committed 9880K, reserved 10544K
}
Event: 614.386 GC heap before
{Heap before GC invocations=83 (full 1):
 def new generation   total 5760K, used 5718K [0x65800000, 0x65e40000, 0x6a540000)
  eden space 5120K, 100% used [0x65800000, 0x65d00000, 0x65d00000)
  from space 640K,  93% used [0x65da0000, 0x65e358f0, 0x65e40000)
  to   space 640K,   0% used [0x65d00000, 0x65d00000, 0x65da0000)
 tenured generation   total 12724K, used 9219K [0x6a540000, 0x6b1ad000, 0x74000000)
   the space 12724K,  72% used [0x6a540000, 0x6ae40f18, 0x6ae41000, 0x6b1ad000)
 Metaspace       used 9525K, capacity 9708K, committed 9880K, reserved 10544K
Event: 614.409 GC heap after
Heap after GC invocations=84 (full 1):
 def new generation   total 5760K, used 577K [0x65800000, 0x65e40000, 0x6a540000)
  eden space 5120K,   0% used [0x65800000, 0x65800000, 0x65d00000)
  from space 640K,  90% used [0x65d00000, 0x65d90420, 0x65da0000)
  to   space 640K,   0% used [0x65da0000, 0x65da0000, 0x65e40000)
 tenured generation   total 12724K, used 9297K [0x6a540000, 0x6b1ad000, 0x74000000)
   the space 12724K,  73% used [0x6a540000, 0x6ae54678, 0x6ae54800, 0x6b1ad000)
 Metaspace       used 9525K, capacity 9708K, committed 9880K, reserved 10544K
}

