# JRE version: Java(TM) SE Runtime Environment (8.0_65-b17) (build 1.8.0_65-b17)
# Java VM: Java HotSpot(TM) Client VM (25.65-b01 mixed mode linux-arm )
Heap:
 def new generation   total 5504K, used 4589K [0x65800000, 0x65de0000, 0x6a540000)
  eden space 4992K,  84% used [0x65800000, 0x65c1fda8, 0x65ce0000)
  from space 512K,  71% used [0x65ce0000, 0x65d3b9a0, 0x65d60000)
  to   space 512K,   0% used [0x65d60000, 0x65d60000, 0x65de0000)
 tenured generation   total 11892K, used 8536K [0x6a540000, 0x6b0dd000, 0x74000000)
   the space 11892K,  71% used [0x6a540000, 0x6ad962b0, 0x6ad96400, 0x6b0dd000)
 Metaspace       used 9534K, capacity 9708K, committed 9752K, reserved 10544K
GC Heap History (10 events):
Event: 265.823 GC heap before
{Heap before GC invocations=47 (full 1):
 def new generation   total 5504K, used 5274K [0x65800000, 0x65de0000, 0x6a540000)
  eden space 4992K, 100% used [0x65800000, 0x65ce0000, 0x65ce0000)
  from space 512K,  55% used [0x65d60000, 0x65da6a18, 0x65de0000)
  to   space 512K,   0% used [0x65ce0000, 0x65ce0000, 0x65d60000)
 tenured generation   total 11892K, used 8156K [0x6a540000, 0x6b0dd000, 0x74000000)
   the space 11892K,  68% used [0x6a540000, 0x6ad37220, 0x6ad37400, 0x6b0dd000)
 Metaspace       used 9526K, capacity 9708K, committed 9752K, reserved 10544K
Event: 265.829 GC heap after
Heap after GC invocations=48 (full 1):
 def new generation   total 5504K, used 421K [0x65800000, 0x65de0000, 0x6a540000)
  eden space 4992K,   0% used [0x65800000, 0x65800000, 0x65ce0000)
  from space 512K,  82% used [0x65ce0000, 0x65d49408, 0x65d60000)
  to   space 512K,   0% used [0x65d60000, 0x65d60000, 0x65de0000)
 tenured generation   total 11892K, used 8231K [0x6a540000, 0x6b0dd000, 0x74000000)
   the space 11892K,  69% used [0x6a540000, 0x6ad49d58, 0x6ad49e00, 0x6b0dd000)
 Metaspace       used 9526K, capacity 9708K, committed 9752K, reserved 10544K
}
Event: 270.503 GC heap before
{Heap before GC invocations=48 (full 1):
 def new generation   total 5504K, used 5413K [0x65800000, 0x65de0000, 0x6a540000)
  eden space 4992K, 100% used [0x65800000, 0x65ce0000, 0x65ce0000)
  from space 512K,  82% used [0x65ce0000, 0x65d49408, 0x65d60000)
  to   space 512K,   0% used [0x65d60000, 0x65d60000, 0x65de0000)
 tenured generation   total 11892K, used 8231K [0x6a540000, 0x6b0dd000, 0x74000000)
   the space 11892K,  69% used [0x6a540000, 0x6ad49d58, 0x6ad49e00, 0x6b0dd000)
 Metaspace       used 9526K, capacity 9708K, committed 9752K, reserved 10544K
Event: 270.509 GC heap after
Heap after GC invocations=49 (full 1):
 def new generation   total 5504K, used 456K [0x65800000, 0x65de0000, 0x6a540000)
  eden space 4992K,   0% used [0x65800000, 0x65800000, 0x65ce0000)
  from space 512K,  89% used [0x65d60000, 0x65dd2108, 0x65de0000)
  to   space 512K,   0% used [0x65ce0000, 0x65ce0000, 0x65d60000)
 tenured generation   total 11892K, used 8284K [0x6a540000, 0x6b0dd000, 0x74000000)
   the space 11892K,  69% used [0x6a540000, 0x6ad573c0, 0x6ad57400, 0x6b0dd000)
 Metaspace       used 9526K, capacity 9708K, committed 9752K, reserved 10544K
}
Event: 281.084 GC heap before
{Heap before GC invocations=49 (full 1):
 def new generation   total 5504K, used 5448K [0x65800000, 0x65de0000, 0x6a540000)
  eden space 4992K, 100% used [0x65800000, 0x65ce0000, 0x65ce0000)
  from space 512K,  89% used [0x65d60000, 0x65dd2108, 0x65de0000)
  to   space 512K,   0% used [0x65ce0000, 0x65ce0000, 0x65d60000)
 tenured generation   total 11892K, used 8284K [0x6a540000, 0x6b0dd000, 0x74000000)
   the space 11892K,  69% used [0x6a540000, 0x6ad573c0, 0x6ad57400, 0x6b0dd000)
 Metaspace       used 9526K, capacity 9708K, committed 9752K, reserved 10544K
Event: 281.089 GC heap after
Heap after GC invocations=50 (full 1):
 def new generation   total 5504K, used 328K [0x65800000, 0x65de0000, 0x6a540000)
  eden space 4992K,   0% used [0x65800000, 0x65800000, 0x65ce0000)
  from space 512K,  64% used [0x65ce0000, 0x65d32248, 0x65d60000)
  to   space 512K,   0% used [0x65d60000, 0x65d60000, 0x65de0000)
 tenured generation   total 11892K, used 8352K [0x6a540000, 0x6b0dd000, 0x74000000)
   the space 11892K,  70% used [0x6a540000, 0x6ad68310, 0x6ad68400, 0x6b0dd000)
 Metaspace       used 9526K, capacity 9708K, committed 9752K, reserved 10544K
}
Event: 287.345 GC heap before
{Heap before GC invocations=50 (full 1):
 def new generation   total 5504K, used 5320K [0x65800000, 0x65de0000, 0x6a540000)
  eden space 4992K, 100% used [0x65800000, 0x65ce0000, 0x65ce0000)
  from space 512K,  64% used [0x65ce0000, 0x65d32248, 0x65d60000)
  to   space 512K,   0% used [0x65d60000, 0x65d60000, 0x65de0000)
 tenured generation   total 11892K, used 8352K [0x6a540000, 0x6b0dd000, 0x74000000)
   the space 11892K,  70% used [0x6a540000, 0x6ad68310, 0x6ad68400, 0x6b0dd000)
 Metaspace       used 9526K, capacity 9708K, committed 9752K, reserved 10544K
Event: 287.350 GC heap after
Heap after GC invocations=51 (full 1):
 def new generation   total 5504K, used 511K [0x65800000, 0x65de0000, 0x6a540000)
  eden space 4992K,   0% used [0x65800000, 0x65800000, 0x65ce0000)
  from space 512K,  99% used [0x65d60000, 0x65ddfff0, 0x65de0000)
  to   space 512K,   0% used [0x65ce0000, 0x65ce0000, 0x65d60000)
 tenured generation   total 11892K, used 8480K [0x6a540000, 0x6b0dd000, 0x74000000)
   the space 11892K,  71% used [0x6a540000, 0x6ad881b0, 0x6ad88200, 0x6b0dd000)
 Metaspace       used 9526K, capacity 9708K, committed 9752K, reserved 10544K
}
Event: 293.632 GC heap before
{Heap before GC invocations=51 (full 1):
 def new generation   total 5504K, used 5503K [0x65800000, 0x65de0000, 0x6a540000)
  eden space 4992K, 100% used [0x65800000, 0x65ce0000, 0x65ce0000)
  from space 512K,  99% used [0x65d60000, 0x65ddfff0, 0x65de0000)
  to   space 512K,   0% used [0x65ce0000, 0x65ce0000, 0x65d60000)
 tenured generation   total 11892K, used 8480K [0x6a540000, 0x6b0dd000, 0x74000000)
   the space 11892K,  71% used [0x6a540000, 0x6ad881b0, 0x6ad88200, 0x6b0dd000)
 Metaspace       used 9526K, capacity 9708K, committed 9752K, reserved 10544K
Event: 293.648 GC heap after
Heap after GC invocations=52 (full 1):
 def new generation   total 5504K, used 366K [0x65800000, 0x65de0000, 0x6a540000)
  eden space 4992K,   0% used [0x65800000, 0x65800000, 0x65ce0000)
  from space 512K,  71% used [0x65ce0000, 0x65d3b9a0, 0x65d60000)
  to   space 512K,   0% used [0x65d60000, 0x65d60000, 0x65de0000)
 tenured generation   total 11892K, used 8536K [0x6a540000, 0x6b0dd000, 0x74000000)
   the space 11892K,  71% used [0x6a540000, 0x6ad962b0, 0x6ad96400, 0x6b0dd000)
 Metaspace       used 9526K, capacity 9708K, committed 9752K, reserved 10544K
}

