# JRE version: Java(TM) SE Runtime Environment (8.0_65-b17) (build 1.8.0_65-b17)
# Java VM: Java HotSpot(TM) Client VM (25.65-b01 mixed mode linux-arm )
Heap:
 def new generation   total 5376K, used 1100K [0x65800000, 0x65dc0000, 0x6a540000)
  eden space 4864K,  13% used [0x65800000, 0x658a1428, 0x65cc0000)
  from space 512K,  88% used [0x65cc0000, 0x65d31ca8, 0x65d40000)
  to   space 512K,   0% used [0x65d40000, 0x65d40000, 0x65dc0000)
 tenured generation   total 11520K, used 9969K [0x6a540000, 0x6b080000, 0x74000000)
   the space 11520K,  86% used [0x6a540000, 0x6aefc6a8, 0x6aefc800, 0x6b080000)
 Metaspace       used 9532K, capacity 9708K, committed 9752K, reserved 10544K
GC Heap History (10 events):
Event: 394.828 GC heap before
{Heap before GC invocations=63 (full 1):
 def new generation   total 5376K, used 5376K [0x65800000, 0x65dc0000, 0x6a540000)
  eden space 4864K, 100% used [0x65800000, 0x65cc0000, 0x65cc0000)
  from space 512K, 100% used [0x65d40000, 0x65dc0000, 0x65dc0000)
  to   space 512K,   0% used [0x65cc0000, 0x65cc0000, 0x65d40000)
 tenured generation   total 11520K, used 9627K [0x6a540000, 0x6b080000, 0x74000000)
   the space 11520K,  83% used [0x6a540000, 0x6aea6ec0, 0x6aea7000, 0x6b080000)
 Metaspace       used 9524K, capacity 9708K, committed 9752K, reserved 10544K
Event: 394.834 GC heap after
Heap after GC invocations=64 (full 1):
 def new generation   total 5376K, used 379K [0x65800000, 0x65dc0000, 0x6a540000)
  eden space 4864K,   0% used [0x65800000, 0x65800000, 0x65cc0000)
  from space 512K,  74% used [0x65cc0000, 0x65d1ef20, 0x65d40000)
  to   space 512K,   0% used [0x65d40000, 0x65d40000, 0x65dc0000)
 tenured generation   total 11520K, used 9697K [0x6a540000, 0x6b080000, 0x74000000)
   the space 11520K,  84% used [0x6a540000, 0x6aeb8748, 0x6aeb8800, 0x6b080000)
 Metaspace       used 9524K, capacity 9708K, committed 9752K, reserved 10544K
}
Event: 404.940 GC heap before
{Heap before GC invocations=64 (full 1):
 def new generation   total 5376K, used 5243K [0x65800000, 0x65dc0000, 0x6a540000)
  eden space 4864K, 100% used [0x65800000, 0x65cc0000, 0x65cc0000)
  from space 512K,  74% used [0x65cc0000, 0x65d1ef20, 0x65d40000)
  to   space 512K,   0% used [0x65d40000, 0x65d40000, 0x65dc0000)
 tenured generation   total 11520K, used 9697K [0x6a540000, 0x6b080000, 0x74000000)
   the space 11520K,  84% used [0x6a540000, 0x6aeb8748, 0x6aeb8800, 0x6b080000)
 Metaspace       used 9524K, capacity 9708K, committed 9752K, reserved 10544K
Event: 404.946 GC heap after
Heap after GC invocations=65 (full 1):
 def new generation   total 5376K, used 313K [0x65800000, 0x65dc0000, 0x6a540000)
  eden space 4864K,   0% used [0x65800000, 0x65800000, 0x65cc0000)
  from space 512K,  61% used [0x65d40000, 0x65d8e6f0, 0x65dc0000)
  to   space 512K,   0% used [0x65cc0000, 0x65cc0000, 0x65d40000)
 tenured generation   total 11520K, used 9763K [0x6a540000, 0x6b080000, 0x74000000)
   the space 11520K,  84% used [0x6a540000, 0x6aec8d50, 0x6aec8e00, 0x6b080000)
 Metaspace       used 9524K, capacity 9708K, committed 9752K, reserved 10544K
}
Event: 408.135 GC heap before
{Heap before GC invocations=65 (full 1):
 def new generation   total 5376K, used 5177K [0x65800000, 0x65dc0000, 0x6a540000)
  eden space 4864K, 100% used [0x65800000, 0x65cc0000, 0x65cc0000)
  from space 512K,  61% used [0x65d40000, 0x65d8e6f0, 0x65dc0000)
  to   space 512K,   0% used [0x65cc0000, 0x65cc0000, 0x65d40000)
 tenured generation   total 11520K, used 9763K [0x6a540000, 0x6b080000, 0x74000000)
   the space 11520K,  84% used [0x6a540000, 0x6aec8d50, 0x6aec8e00, 0x6b080000)
 Metaspace       used 9524K, capacity 9708K, committed 9752K, reserved 10544K
Event: 408.147 GC heap after
Heap after GC invocations=66 (full 1):
 def new generation   total 5376K, used 512K [0x65800000, 0x65dc0000, 0x6a540000)
  eden space 4864K,   0% used [0x65800000, 0x65800000, 0x65cc0000)
  from space 512K, 100% used [0x65cc0000, 0x65d40000, 0x65d40000)
  to   space 512K,   0% used [0x65d40000, 0x65d40000, 0x65dc0000)
 tenured generation   total 11520K, used 9889K [0x6a540000, 0x6b080000, 0x74000000)
   the space 11520K,  85% used [0x6a540000, 0x6aee8628, 0x6aee8800, 0x6b080000)
 Metaspace       used 9524K, capacity 9708K, committed 9752K, reserved 10544K
}
Event: 417.536 GC heap before
{Heap before GC invocations=66 (full 1):
 def new generation   total 5376K, used 5376K [0x65800000, 0x65dc0000, 0x6a540000)
  eden space 4864K, 100% used [0x65800000, 0x65cc0000, 0x65cc0000)
  from space 512K, 100% used [0x65cc0000, 0x65d40000, 0x65d40000)
  to   space 512K,   0% used [0x65d40000, 0x65d40000, 0x65dc0000)
 tenured generation   total 11520K, used 9889K [0x6a540000, 0x6b080000, 0x74000000)
   the space 11520K,  85% used [0x6a540000, 0x6aee8628, 0x6aee8800, 0x6b080000)
 Metaspace       used 9524K, capacity 9708K, committed 9752K, reserved 10544K
Event: 417.540 GC heap after
Heap after GC invocations=67 (full 1):
 def new generation   total 5376K, used 266K [0x65800000, 0x65dc0000, 0x6a540000)
  eden space 4864K,   0% used [0x65800000, 0x65800000, 0x65cc0000)
  from space 512K,  52% used [0x65d40000, 0x65d829b0, 0x65dc0000)
  to   space 512K,   0% used [0x65cc0000, 0x65cc0000, 0x65d40000)
 tenured generation   total 11520K, used 9915K [0x6a540000, 0x6b080000, 0x74000000)
   the space 11520K,  86% used [0x6a540000, 0x6aeeec78, 0x6aeeee00, 0x6b080000)
 Metaspace       used 9524K, capacity 9708K, committed 9752K, reserved 10544K
}
Event: 424.200 GC heap before
{Heap before GC invocations=67 (full 1):
 def new generation   total 5376K, used 5130K [0x65800000, 0x65dc0000, 0x6a540000)
  eden space 4864K, 100% used [0x65800000, 0x65cc0000, 0x65cc0000)
  from space 512K,  52% used [0x65d40000, 0x65d829b0, 0x65dc0000)
  to   space 512K,   0% used [0x65cc0000, 0x65cc0000, 0x65d40000)
 tenured generation   total 11520K, used 9915K [0x6a540000, 0x6b080000, 0x74000000)
   the space 11520K,  86% used [0x6a540000, 0x6aeeec78, 0x6aeeee00, 0x6b080000)
 Metaspace       used 9524K, capacity 9708K, committed 9752K, reserved 10544K
Event: 424.219 GC heap after
Heap after GC invocations=68 (full 1):
 def new generation   total 5376K, used 455K [0x65800000, 0x65dc0000, 0x6a540000)
  eden space 4864K,   0% used [0x65800000, 0x65800000, 0x65cc0000)
  from space 512K,  88% used [0x65cc0000, 0x65d31ca8, 0x65d40000)
  to   space 512K,   0% used [0x65d40000, 0x65d40000, 0x65dc0000)
 tenured generation   total 11520K, used 9969K [0x6a540000, 0x6b080000, 0x74000000)
   the space 11520K,  86% used [0x6a540000, 0x6aefc6a8, 0x6aefc800, 0x6b080000)
 Metaspace       used 9524K, capacity 9708K, committed 9752K, reserved 10544K
}

